<?xml version="1.0" encoding="UTF-8"?>
<!-- Generated by org.testng.reporters.JUnitReportReporter -->
<testsuite skipped="0" hostname="all-PC" name="PDF_ReaderTest" tests="1" failures="0" timestamp="30 Nov 2018 08:49:10 GMT" time="75.217" errors="0">
  <testcase name="readPDFTest" time="75.217" classname="PDF_ReaderTest"/>
</testsuite> <!-- PDF_ReaderTest -->
